Determining if the include file pthread.h exists passed with the following output:
Change Dir: /Users/b260-admin/Documents/GitHub/Stratego_CPP/bin/CMakeFiles/CMakeTmp

Run Build Command(s):/usr/bin/make cmTC_91e9b/fast 
/Library/Developer/CommandLineTools/usr/bin/make -f CMakeFiles/cmTC_91e9b.dir/build.make CMakeFiles/cmTC_91e9b.dir/build
Building C object CMakeFiles/cmTC_91e9b.dir/CheckIncludeFile.c.o
/Library/Developer/CommandLineTools/usr/bin/cc   -isysroot /Library/Developer/CommandLineTools/SDKs/MacOSX10.14.sdk   -o CMakeFiles/cmTC_91e9b.dir/CheckIncludeFile.c.o   -c /Users/b260-admin/Documents/GitHub/Stratego_CPP/bin/CMakeFiles/CMakeTmp/CheckIncludeFile.c
Linking C executable cmTC_91e9b
/Applications/CLion.app/Contents/bin/cmake/mac/bin/cmake -E cmake_link_script CMakeFiles/cmTC_91e9b.dir/link.txt --verbose=1
/Library/Developer/CommandLineTools/usr/bin/cc   -isysroot /Library/Developer/CommandLineTools/SDKs/MacOSX10.14.sdk -Wl,-search_paths_first -Wl,-headerpad_max_install_names   CMakeFiles/cmTC_91e9b.dir/CheckIncludeFile.c.o  -o cmTC_91e9b 


Determining if the pthread_create exist passed with the following output:
Change Dir: /Users/b260-admin/Documents/GitHub/Stratego_CPP/bin/CMakeFiles/CMakeTmp

Run Build Command(s):/usr/bin/make cmTC_fc197/fast 
/Library/Developer/CommandLineTools/usr/bin/make -f CMakeFiles/cmTC_fc197.dir/build.make CMakeFiles/cmTC_fc197.dir/build
Building C object CMakeFiles/cmTC_fc197.dir/CheckSymbolExists.c.o
/Library/Developer/CommandLineTools/usr/bin/cc   -isysroot /Library/Developer/CommandLineTools/SDKs/MacOSX10.14.sdk   -o CMakeFiles/cmTC_fc197.dir/CheckSymbolExists.c.o   -c /Users/b260-admin/Documents/GitHub/Stratego_CPP/bin/CMakeFiles/CMakeTmp/CheckSymbolExists.c
Linking C executable cmTC_fc197
/Applications/CLion.app/Contents/bin/cmake/mac/bin/cmake -E cmake_link_script CMakeFiles/cmTC_fc197.dir/link.txt --verbose=1
/Library/Developer/CommandLineTools/usr/bin/cc   -isysroot /Library/Developer/CommandLineTools/SDKs/MacOSX10.14.sdk -Wl,-search_paths_first -Wl,-headerpad_max_install_names   CMakeFiles/cmTC_fc197.dir/CheckSymbolExists.c.o  -o cmTC_fc197 

File /Users/b260-admin/Documents/GitHub/Stratego_CPP/bin/CMakeFiles/CMakeTmp/CheckSymbolExists.c:
/* */
#include <pthread.h>

int main(int argc, char** argv)
{
  (void)argv;
#ifndef pthread_create
  return ((int*)(&pthread_create))[argc];
#else
  (void)argc;
  return 0;
#endif
}

Determining if the include file pthread.h exists passed with the following output:
Change Dir: /Users/b260-admin/Documents/GitHub/Stratego_CPP/bin/CMakeFiles/CMakeTmp

Run Build Command(s):/usr/bin/make cmTC_ef10f/fast 
/Library/Developer/CommandLineTools/usr/bin/make -f CMakeFiles/cmTC_ef10f.dir/build.make CMakeFiles/cmTC_ef10f.dir/build
Building C object CMakeFiles/cmTC_ef10f.dir/CheckIncludeFile.c.o
/Library/Developer/CommandLineTools/usr/bin/cc   -isysroot /Library/Developer/CommandLineTools/SDKs/MacOSX10.14.sdk   -o CMakeFiles/cmTC_ef10f.dir/CheckIncludeFile.c.o   -c /Users/b260-admin/Documents/GitHub/Stratego_CPP/bin/CMakeFiles/CMakeTmp/CheckIncludeFile.c
Linking C executable cmTC_ef10f
/Applications/CLion.app/Contents/bin/cmake/mac/bin/cmake -E cmake_link_script CMakeFiles/cmTC_ef10f.dir/link.txt --verbose=1
/Library/Developer/CommandLineTools/usr/bin/cc   -isysroot /Library/Developer/CommandLineTools/SDKs/MacOSX10.14.sdk -Wl,-search_paths_first -Wl,-headerpad_max_install_names   CMakeFiles/cmTC_ef10f.dir/CheckIncludeFile.c.o  -o cmTC_ef10f 


Determining if the pthread_create exist passed with the following output:
Change Dir: /Users/b260-admin/Documents/GitHub/Stratego_CPP/bin/CMakeFiles/CMakeTmp

Run Build Command(s):/usr/bin/make cmTC_c9d17/fast 
/Library/Developer/CommandLineTools/usr/bin/make -f CMakeFiles/cmTC_c9d17.dir/build.make CMakeFiles/cmTC_c9d17.dir/build
Building C object CMakeFiles/cmTC_c9d17.dir/CheckSymbolExists.c.o
/Library/Developer/CommandLineTools/usr/bin/cc   -isysroot /Library/Developer/CommandLineTools/SDKs/MacOSX10.14.sdk   -o CMakeFiles/cmTC_c9d17.dir/CheckSymbolExists.c.o   -c /Users/b260-admin/Documents/GitHub/Stratego_CPP/bin/CMakeFiles/CMakeTmp/CheckSymbolExists.c
Linking C executable cmTC_c9d17
/Applications/CLion.app/Contents/bin/cmake/mac/bin/cmake -E cmake_link_script CMakeFiles/cmTC_c9d17.dir/link.txt --verbose=1
/Library/Developer/CommandLineTools/usr/bin/cc   -isysroot /Library/Developer/CommandLineTools/SDKs/MacOSX10.14.sdk -Wl,-search_paths_first -Wl,-headerpad_max_install_names   CMakeFiles/cmTC_c9d17.dir/CheckSymbolExists.c.o  -o cmTC_c9d17 

File /Users/b260-admin/Documents/GitHub/Stratego_CPP/bin/CMakeFiles/CMakeTmp/CheckSymbolExists.c:
/* */
#include <pthread.h>

int main(int argc, char** argv)
{
  (void)argv;
#ifndef pthread_create
  return ((int*)(&pthread_create))[argc];
#else
  (void)argc;
  return 0;
#endif
}

Determining if the include file pthread.h exists passed with the following output:
Change Dir: /Users/b260-admin/Documents/GitHub/Stratego_CPP/bin/CMakeFiles/CMakeTmp

Run Build Command(s):/usr/bin/make cmTC_c1633/fast 
/Library/Developer/CommandLineTools/usr/bin/make -f CMakeFiles/cmTC_c1633.dir/build.make CMakeFiles/cmTC_c1633.dir/build
Building C object CMakeFiles/cmTC_c1633.dir/CheckIncludeFile.c.o
/Library/Developer/CommandLineTools/usr/bin/cc   -isysroot /Library/Developer/CommandLineTools/SDKs/MacOSX10.14.sdk   -o CMakeFiles/cmTC_c1633.dir/CheckIncludeFile.c.o   -c /Users/b260-admin/Documents/GitHub/Stratego_CPP/bin/CMakeFiles/CMakeTmp/CheckIncludeFile.c
Linking C executable cmTC_c1633
/Applications/CLion.app/Contents/bin/cmake/mac/bin/cmake -E cmake_link_script CMakeFiles/cmTC_c1633.dir/link.txt --verbose=1
/Library/Developer/CommandLineTools/usr/bin/cc   -isysroot /Library/Developer/CommandLineTools/SDKs/MacOSX10.14.sdk -Wl,-search_paths_first -Wl,-headerpad_max_install_names   CMakeFiles/cmTC_c1633.dir/CheckIncludeFile.c.o  -o cmTC_c1633 


Determining if the pthread_create exist passed with the following output:
Change Dir: /Users/b260-admin/Documents/GitHub/Stratego_CPP/bin/CMakeFiles/CMakeTmp

Run Build Command(s):/usr/bin/make cmTC_bf9b2/fast 
/Library/Developer/CommandLineTools/usr/bin/make -f CMakeFiles/cmTC_bf9b2.dir/build.make CMakeFiles/cmTC_bf9b2.dir/build
Building C object CMakeFiles/cmTC_bf9b2.dir/CheckSymbolExists.c.o
/Library/Developer/CommandLineTools/usr/bin/cc   -isysroot /Library/Developer/CommandLineTools/SDKs/MacOSX10.14.sdk   -o CMakeFiles/cmTC_bf9b2.dir/CheckSymbolExists.c.o   -c /Users/b260-admin/Documents/GitHub/Stratego_CPP/bin/CMakeFiles/CMakeTmp/CheckSymbolExists.c
Linking C executable cmTC_bf9b2
/Applications/CLion.app/Contents/bin/cmake/mac/bin/cmake -E cmake_link_script CMakeFiles/cmTC_bf9b2.dir/link.txt --verbose=1
/Library/Developer/CommandLineTools/usr/bin/cc   -isysroot /Library/Developer/CommandLineTools/SDKs/MacOSX10.14.sdk -Wl,-search_paths_first -Wl,-headerpad_max_install_names   CMakeFiles/cmTC_bf9b2.dir/CheckSymbolExists.c.o  -o cmTC_bf9b2 

File /Users/b260-admin/Documents/GitHub/Stratego_CPP/bin/CMakeFiles/CMakeTmp/CheckSymbolExists.c:
/* */
#include <pthread.h>

int main(int argc, char** argv)
{
  (void)argv;
#ifndef pthread_create
  return ((int*)(&pthread_create))[argc];
#else
  (void)argc;
  return 0;
#endif
}

Determining if the include file pthread.h exists passed with the following output:
Change Dir: /Users/b260-admin/Documents/GitHub/Stratego_CPP/bin/CMakeFiles/CMakeTmp

Run Build Command(s):/usr/bin/make cmTC_36aa6/fast 
/Library/Developer/CommandLineTools/usr/bin/make -f CMakeFiles/cmTC_36aa6.dir/build.make CMakeFiles/cmTC_36aa6.dir/build
Building C object CMakeFiles/cmTC_36aa6.dir/CheckIncludeFile.c.o
/Library/Developer/CommandLineTools/usr/bin/cc   -isysroot /Library/Developer/CommandLineTools/SDKs/MacOSX10.14.sdk   -o CMakeFiles/cmTC_36aa6.dir/CheckIncludeFile.c.o   -c /Users/b260-admin/Documents/GitHub/Stratego_CPP/bin/CMakeFiles/CMakeTmp/CheckIncludeFile.c
Linking C executable cmTC_36aa6
/Applications/CLion.app/Contents/bin/cmake/mac/bin/cmake -E cmake_link_script CMakeFiles/cmTC_36aa6.dir/link.txt --verbose=1
/Library/Developer/CommandLineTools/usr/bin/cc   -isysroot /Library/Developer/CommandLineTools/SDKs/MacOSX10.14.sdk -Wl,-search_paths_first -Wl,-headerpad_max_install_names   CMakeFiles/cmTC_36aa6.dir/CheckIncludeFile.c.o  -o cmTC_36aa6 


Determining if the pthread_create exist passed with the following output:
Change Dir: /Users/b260-admin/Documents/GitHub/Stratego_CPP/bin/CMakeFiles/CMakeTmp

Run Build Command(s):/usr/bin/make cmTC_f4967/fast 
/Library/Developer/CommandLineTools/usr/bin/make -f CMakeFiles/cmTC_f4967.dir/build.make CMakeFiles/cmTC_f4967.dir/build
Building C object CMakeFiles/cmTC_f4967.dir/CheckSymbolExists.c.o
/Library/Developer/CommandLineTools/usr/bin/cc   -isysroot /Library/Developer/CommandLineTools/SDKs/MacOSX10.14.sdk   -o CMakeFiles/cmTC_f4967.dir/CheckSymbolExists.c.o   -c /Users/b260-admin/Documents/GitHub/Stratego_CPP/bin/CMakeFiles/CMakeTmp/CheckSymbolExists.c
Linking C executable cmTC_f4967
/Applications/CLion.app/Contents/bin/cmake/mac/bin/cmake -E cmake_link_script CMakeFiles/cmTC_f4967.dir/link.txt --verbose=1
/Library/Developer/CommandLineTools/usr/bin/cc   -isysroot /Library/Developer/CommandLineTools/SDKs/MacOSX10.14.sdk -Wl,-search_paths_first -Wl,-headerpad_max_install_names   CMakeFiles/cmTC_f4967.dir/CheckSymbolExists.c.o  -o cmTC_f4967 

File /Users/b260-admin/Documents/GitHub/Stratego_CPP/bin/CMakeFiles/CMakeTmp/CheckSymbolExists.c:
/* */
#include <pthread.h>

int main(int argc, char** argv)
{
  (void)argv;
#ifndef pthread_create
  return ((int*)(&pthread_create))[argc];
#else
  (void)argc;
  return 0;
#endif
}

Determining if the include file pthread.h exists passed with the following output:
Change Dir: /Users/b260-admin/Documents/GitHub/Stratego_CPP/bin/CMakeFiles/CMakeTmp

Run Build Command(s):/usr/bin/make cmTC_9096c/fast 
/Library/Developer/CommandLineTools/usr/bin/make -f CMakeFiles/cmTC_9096c.dir/build.make CMakeFiles/cmTC_9096c.dir/build
Building C object CMakeFiles/cmTC_9096c.dir/CheckIncludeFile.c.o
/Library/Developer/CommandLineTools/usr/bin/cc   -isysroot /Library/Developer/CommandLineTools/SDKs/MacOSX10.14.sdk   -o CMakeFiles/cmTC_9096c.dir/CheckIncludeFile.c.o   -c /Users/b260-admin/Documents/GitHub/Stratego_CPP/bin/CMakeFiles/CMakeTmp/CheckIncludeFile.c
Linking C executable cmTC_9096c
/Applications/CLion.app/Contents/bin/cmake/mac/bin/cmake -E cmake_link_script CMakeFiles/cmTC_9096c.dir/link.txt --verbose=1
/Library/Developer/CommandLineTools/usr/bin/cc   -isysroot /Library/Developer/CommandLineTools/SDKs/MacOSX10.14.sdk -Wl,-search_paths_first -Wl,-headerpad_max_install_names   CMakeFiles/cmTC_9096c.dir/CheckIncludeFile.c.o  -o cmTC_9096c 


Determining if the pthread_create exist passed with the following output:
Change Dir: /Users/b260-admin/Documents/GitHub/Stratego_CPP/bin/CMakeFiles/CMakeTmp

Run Build Command(s):/usr/bin/make cmTC_15aec/fast 
/Library/Developer/CommandLineTools/usr/bin/make -f CMakeFiles/cmTC_15aec.dir/build.make CMakeFiles/cmTC_15aec.dir/build
Building C object CMakeFiles/cmTC_15aec.dir/CheckSymbolExists.c.o
/Library/Developer/CommandLineTools/usr/bin/cc   -isysroot /Library/Developer/CommandLineTools/SDKs/MacOSX10.14.sdk   -o CMakeFiles/cmTC_15aec.dir/CheckSymbolExists.c.o   -c /Users/b260-admin/Documents/GitHub/Stratego_CPP/bin/CMakeFiles/CMakeTmp/CheckSymbolExists.c
Linking C executable cmTC_15aec
/Applications/CLion.app/Contents/bin/cmake/mac/bin/cmake -E cmake_link_script CMakeFiles/cmTC_15aec.dir/link.txt --verbose=1
/Library/Developer/CommandLineTools/usr/bin/cc   -isysroot /Library/Developer/CommandLineTools/SDKs/MacOSX10.14.sdk -Wl,-search_paths_first -Wl,-headerpad_max_install_names   CMakeFiles/cmTC_15aec.dir/CheckSymbolExists.c.o  -o cmTC_15aec 

File /Users/b260-admin/Documents/GitHub/Stratego_CPP/bin/CMakeFiles/CMakeTmp/CheckSymbolExists.c:
/* */
#include <pthread.h>

int main(int argc, char** argv)
{
  (void)argv;
#ifndef pthread_create
  return ((int*)(&pthread_create))[argc];
#else
  (void)argc;
  return 0;
#endif
}

Determining if the include file pthread.h exists passed with the following output:
Change Dir: /Users/b260-admin/Documents/GitHub/Stratego_CPP/bin/CMakeFiles/CMakeTmp

Run Build Command(s):/usr/bin/make cmTC_3bbbf/fast 
/Library/Developer/CommandLineTools/usr/bin/make -f CMakeFiles/cmTC_3bbbf.dir/build.make CMakeFiles/cmTC_3bbbf.dir/build
Building C object CMakeFiles/cmTC_3bbbf.dir/CheckIncludeFile.c.o
/Library/Developer/CommandLineTools/usr/bin/cc   -isysroot /Library/Developer/CommandLineTools/SDKs/MacOSX10.14.sdk   -o CMakeFiles/cmTC_3bbbf.dir/CheckIncludeFile.c.o   -c /Users/b260-admin/Documents/GitHub/Stratego_CPP/bin/CMakeFiles/CMakeTmp/CheckIncludeFile.c
Linking C executable cmTC_3bbbf
/Applications/CLion.app/Contents/bin/cmake/mac/bin/cmake -E cmake_link_script CMakeFiles/cmTC_3bbbf.dir/link.txt --verbose=1
/Library/Developer/CommandLineTools/usr/bin/cc   -isysroot /Library/Developer/CommandLineTools/SDKs/MacOSX10.14.sdk -Wl,-search_paths_first -Wl,-headerpad_max_install_names   CMakeFiles/cmTC_3bbbf.dir/CheckIncludeFile.c.o  -o cmTC_3bbbf 


Determining if the pthread_create exist passed with the following output:
Change Dir: /Users/b260-admin/Documents/GitHub/Stratego_CPP/bin/CMakeFiles/CMakeTmp

Run Build Command(s):/usr/bin/make cmTC_67878/fast 
/Library/Developer/CommandLineTools/usr/bin/make -f CMakeFiles/cmTC_67878.dir/build.make CMakeFiles/cmTC_67878.dir/build
Building C object CMakeFiles/cmTC_67878.dir/CheckSymbolExists.c.o
/Library/Developer/CommandLineTools/usr/bin/cc   -isysroot /Library/Developer/CommandLineTools/SDKs/MacOSX10.14.sdk   -o CMakeFiles/cmTC_67878.dir/CheckSymbolExists.c.o   -c /Users/b260-admin/Documents/GitHub/Stratego_CPP/bin/CMakeFiles/CMakeTmp/CheckSymbolExists.c
Linking C executable cmTC_67878
/Applications/CLion.app/Contents/bin/cmake/mac/bin/cmake -E cmake_link_script CMakeFiles/cmTC_67878.dir/link.txt --verbose=1
/Library/Developer/CommandLineTools/usr/bin/cc   -isysroot /Library/Developer/CommandLineTools/SDKs/MacOSX10.14.sdk -Wl,-search_paths_first -Wl,-headerpad_max_install_names   CMakeFiles/cmTC_67878.dir/CheckSymbolExists.c.o  -o cmTC_67878 

File /Users/b260-admin/Documents/GitHub/Stratego_CPP/bin/CMakeFiles/CMakeTmp/CheckSymbolExists.c:
/* */
#include <pthread.h>

int main(int argc, char** argv)
{
  (void)argv;
#ifndef pthread_create
  return ((int*)(&pthread_create))[argc];
#else
  (void)argc;
  return 0;
#endif
}

Determining if the include file pthread.h exists passed with the following output:
Change Dir: /Users/b260-admin/Documents/GitHub/Stratego_CPP/bin/CMakeFiles/CMakeTmp

Run Build Command(s):/usr/bin/make cmTC_c3e40/fast 
/Library/Developer/CommandLineTools/usr/bin/make -f CMakeFiles/cmTC_c3e40.dir/build.make CMakeFiles/cmTC_c3e40.dir/build
Building C object CMakeFiles/cmTC_c3e40.dir/CheckIncludeFile.c.o
/Library/Developer/CommandLineTools/usr/bin/cc   -isysroot /Library/Developer/CommandLineTools/SDKs/MacOSX10.14.sdk   -o CMakeFiles/cmTC_c3e40.dir/CheckIncludeFile.c.o   -c /Users/b260-admin/Documents/GitHub/Stratego_CPP/bin/CMakeFiles/CMakeTmp/CheckIncludeFile.c
Linking C executable cmTC_c3e40
/Applications/CLion.app/Contents/bin/cmake/mac/bin/cmake -E cmake_link_script CMakeFiles/cmTC_c3e40.dir/link.txt --verbose=1
/Library/Developer/CommandLineTools/usr/bin/cc   -isysroot /Library/Developer/CommandLineTools/SDKs/MacOSX10.14.sdk -Wl,-search_paths_first -Wl,-headerpad_max_install_names   CMakeFiles/cmTC_c3e40.dir/CheckIncludeFile.c.o  -o cmTC_c3e40 


Determining if the pthread_create exist passed with the following output:
Change Dir: /Users/b260-admin/Documents/GitHub/Stratego_CPP/bin/CMakeFiles/CMakeTmp

Run Build Command(s):/usr/bin/make cmTC_a1588/fast 
/Library/Developer/CommandLineTools/usr/bin/make -f CMakeFiles/cmTC_a1588.dir/build.make CMakeFiles/cmTC_a1588.dir/build
Building C object CMakeFiles/cmTC_a1588.dir/CheckSymbolExists.c.o
/Library/Developer/CommandLineTools/usr/bin/cc   -isysroot /Library/Developer/CommandLineTools/SDKs/MacOSX10.14.sdk   -o CMakeFiles/cmTC_a1588.dir/CheckSymbolExists.c.o   -c /Users/b260-admin/Documents/GitHub/Stratego_CPP/bin/CMakeFiles/CMakeTmp/CheckSymbolExists.c
Linking C executable cmTC_a1588
/Applications/CLion.app/Contents/bin/cmake/mac/bin/cmake -E cmake_link_script CMakeFiles/cmTC_a1588.dir/link.txt --verbose=1
/Library/Developer/CommandLineTools/usr/bin/cc   -isysroot /Library/Developer/CommandLineTools/SDKs/MacOSX10.14.sdk -Wl,-search_paths_first -Wl,-headerpad_max_install_names   CMakeFiles/cmTC_a1588.dir/CheckSymbolExists.c.o  -o cmTC_a1588 

File /Users/b260-admin/Documents/GitHub/Stratego_CPP/bin/CMakeFiles/CMakeTmp/CheckSymbolExists.c:
/* */
#include <pthread.h>

int main(int argc, char** argv)
{
  (void)argv;
#ifndef pthread_create
  return ((int*)(&pthread_create))[argc];
#else
  (void)argc;
  return 0;
#endif
}

